Vivado Simulator 2020.1
Copyright 1986-1999, 2001-2020 Xilinx, Inc. All Rights Reserved.
Running: /home/nowi74/Vivado/2020.1/bin/unwrapped/lnx64.o/xelab -wto e2f13862cf92486fba079423fce1203f --incr --debug typical --relax --mt 8 -L xil_defaultlib -L sim_clk_gen_v1_0_2 -L unisims_ver -L unimacro_ver -L secureip -L xpm --snapshot multi_fib_wrapper_behav xil_defaultlib.multi_fib_wrapper xil_defaultlib.glbl -log elaborate.log 
Using 8 slave threads.
Starting static elaboration
Pass Through NonSizing Optimizer
Completed static elaboration
Starting simulation data flow analysis
WARNING: [XSIM 43-4099] "/home/nowi74/cpuex2020_1/fib/core/src/multicycle_fib.v" Line 3. Module multicycle_cpu doesn't have a timescale but at least one module in design has a timescale.
WARNING: [XSIM 43-4099] "/home/nowi74/cpuex2020_1/fib/core/src/inst_data_mem_dis.v" Line 1. Module inst_data_mem_dis doesn't have a timescale but at least one module in design has a timescale.
WARNING: [XSIM 43-4099] "/home/nowi74/cpuex2020_1/fib/core/src/multi_control_unit.v" Line 3. Module multi_control_unit doesn't have a timescale but at least one module in design has a timescale.
WARNING: [XSIM 43-4099] "/home/nowi74/cpuex2020_1/fib/core/src/multi_control_unit.v" Line 34. Module multi_main_decoder doesn't have a timescale but at least one module in design has a timescale.
WARNING: [XSIM 43-4099] "/home/nowi74/cpuex2020_1/fib/core/src/multi_control_unit.v" Line 283. Module multi_ALU_decoder doesn't have a timescale but at least one module in design has a timescale.
WARNING: [XSIM 43-4099] "/home/nowi74/cpuex2020_1/fib/core/src/rams_dp_wf.v" Line 3. Module rams_dp_wf doesn't have a timescale but at least one module in design has a timescale.
WARNING: [XSIM 43-4099] "/home/nowi74/cpuex2020_1/fib/core/src/rams_dp_wf.v" Line 3. Module rams_dp_wf doesn't have a timescale but at least one module in design has a timescale.
WARNING: [XSIM 43-4099] "/home/nowi74/cpuex2020_1/fib/core/src/alu.v" Line 2. Module alu doesn't have a timescale but at least one module in design has a timescale.
WARNING: [XSIM 43-4099] "/home/nowi74/cpuex2020_1/fib/core/src/multicycle_fib.v" Line 3. Module multicycle_cpu doesn't have a timescale but at least one module in design has a timescale.
WARNING: [XSIM 43-4099] "/home/nowi74/cpuex2020_1/fib/core/src/inst_data_mem_dis.v" Line 1. Module inst_data_mem_dis doesn't have a timescale but at least one module in design has a timescale.
WARNING: [XSIM 43-4099] "/home/nowi74/cpuex2020_1/fib/core/src/multi_control_unit.v" Line 3. Module multi_control_unit doesn't have a timescale but at least one module in design has a timescale.
WARNING: [XSIM 43-4099] "/home/nowi74/cpuex2020_1/fib/core/src/multi_control_unit.v" Line 34. Module multi_main_decoder doesn't have a timescale but at least one module in design has a timescale.
WARNING: [XSIM 43-4099] "/home/nowi74/cpuex2020_1/fib/core/src/multi_control_unit.v" Line 283. Module multi_ALU_decoder doesn't have a timescale but at least one module in design has a timescale.
WARNING: [XSIM 43-4099] "/home/nowi74/cpuex2020_1/fib/core/src/rams_dp_wf.v" Line 3. Module rams_dp_wf doesn't have a timescale but at least one module in design has a timescale.
WARNING: [XSIM 43-4099] "/home/nowi74/cpuex2020_1/fib/core/src/rams_dp_wf.v" Line 3. Module rams_dp_wf doesn't have a timescale but at least one module in design has a timescale.
WARNING: [XSIM 43-4099] "/home/nowi74/cpuex2020_1/fib/core/src/alu.v" Line 2. Module alu doesn't have a timescale but at least one module in design has a timescale.
Completed simulation data flow analysis
Time Resolution for simulation is 1ps
Compiling module xil_defaultlib.inst_data_mem_dis
Compiling module xil_defaultlib.multi_main_decoder
Compiling module xil_defaultlib.multi_ALU_decoder
Compiling module xil_defaultlib.multi_control_unit
Compiling module xil_defaultlib.rams_dp_wf
Compiling module xil_defaultlib.alu
Compiling module xil_defaultlib.multicycle_cpu
Compiling module xil_defaultlib.multi_fib_multicycle_cpu_0_1
Compiling module sim_clk_gen_v1_0_2.sim_clk_gen(CLOCK_PERIOD=1000.0,...
Compiling module xil_defaultlib.multi_fib_sim_clk_gen_0_0
Compiling module xil_defaultlib.multi_fib
Compiling module xil_defaultlib.multi_fib_wrapper
Compiling module xil_defaultlib.glbl
Built simulation snapshot multi_fib_wrapper_behav
